commit f3559d6bcbf3115b91ec22db46921e350bb737c9
Merge: fb0ede8 dae980b
Author: Maximilian Golub <mgolub2@uw.edu>
Date:   Thu Feb 26 15:04:51 2015 -0800

    Fixed makefile v2 TODO: Variables

commit fb0ede8b53019fa4c4bfb9e7e251ad683fa2afe9
Author: Maximilian Golub <mgolub2@uw.edu>
Date:   Thu Feb 26 15:02:26 2015 -0800

    Fixed makefile v2, TODO: Variables

commit dae980bc0400b28493a170ebd196296e2c2d41a8
Merge: 003ce71 dad60d0
Author: agingras.washington.edu <agingras@u.washington.edu>
Date:   Thu Feb 26 15:01:44 2015 -0800

    fixed merge error

commit 003ce7185e45c64fec6ef3f2d9279c24e4a0a3d5
Author: agingras.washington.edu <agingras@u.washington.edu>
Date:   Thu Feb 26 15:00:48 2015 -0800

    fixed stupid errors

commit dad60d07b1e8a825ddfc1a2116855f70f8aef6ae
Author: Maximilian Golub <mgolub2@uw.edu>
Date:   Thu Feb 26 14:59:50 2015 -0800

    Fixed makefile

commit b1c90dc4c4c0430e6862fb235fb246fc4d33b2aa
Author: agingras.washington.edu <agingras@u.washington.edu>
Date:   Thu Feb 26 13:37:44 2015 -0800

    added some stuff to the makefile

commit c8eb4ea35a27d28efd82e3d9932e1e10c70e52c8
Merge: 91ab049 1c1fcf3
Author: agingras.washington.edu <agingras@u.washington.edu>
Date:   Thu Feb 26 10:29:03 2015 -0800

    Merge branch 'master' of gitlab.cs.washington.edu:cse374-15wi-proj/hw6-aa

commit 1c1fcf32e448049cbb1ceff098fd6c319a4219c9
Author: Maximilian Golub <mgolub2@uw.edu>
Date:   Thu Feb 26 00:27:43 2015 -0800

    function prototypes

commit fbdf3c4375e12a3ee46cc7177ded0b137238747c
Author: Maximilian Golub <mgolub2@uw.edu>
Date:   Thu Feb 26 00:27:20 2015 -0800

    skeleton implementation

commit 32f281032e8b63f992ec22346ceac3cda999adcb
Author: Maximilian Golub <mgolub2@uw.edu>
Date:   Thu Feb 26 00:27:00 2015 -0800

    commenting some stuff

commit 6879d1fabd1e340d1e4f5b05008ed48eabd45f67
Author: Maximilian Golub <mgolub2@uw.edu>
Date:   Thu Feb 26 00:01:31 2015 -0800

    Added root node to mem_impl.h

commit 1beab43c167f846028a4b9cb1f02b3cf6931440d
Author: Maximilian Golub <mgolub2@uw.edu>
Date:   Thu Feb 26 00:00:39 2015 -0800

    Finished bench.c prototype

commit 91ab04981d42296591fcf249013335ac410b755c
Author: agingras.washington.edu <agingras@u.washington.edu>
Date:   Wed Feb 25 23:13:17 2015 -0800

    added clean to makefile

commit f4e2f9194ad2462de4a3888299d3ce09fb4eb56a
Merge: 2b629a5 17a1442
Author: agingras.washington.edu <agingras@u.washington.edu>
Date:   Wed Feb 25 23:08:19 2015 -0800

    Merge branch 'master' of gitlab.cs.washington.edu:cse374-15wi-proj/hw6-aa

commit 2b629a56dc88dbca3aa562558f132dc44527ae2f
Author: agingras.washington.edu <agingras@u.washington.edu>
Date:   Wed Feb 25 23:07:17 2015 -0800

    added prototypes

commit 17a144285594be454374d94d71329d6e011865cd
Author: Maximilian Golub <mgolub2@uw.edu>
Date:   Wed Feb 25 23:04:48 2015 -0800

    t is important

commit 30c0665be2b7ecebab36be4af4e6fa6f7d3abcaa
Author: Maximilian Golub <mgolub2@uw.edu>
Date:   Wed Feb 25 22:59:22 2015 -0800

    added wonderful function prototype to print_heap.c

commit d4fbaacd7f63b2b817d079a3e03cdc9981b41e34
Author: agingras.washington.edu <agingras@u.washington.edu>
Date:   Wed Feb 25 22:57:15 2015 -0800

    added quotes to included files

commit d486c546af1016cd8d73d47ed3a934dc678c4f89
Author: agingras.washington.edu <agingras@u.washington.edu>
Date:   Wed Feb 25 22:55:16 2015 -0800

    fixed things

commit 8c1e01004dd087e1d17aa1a85946433ec245a63b
Author: Maximilian Golub <mgolub2@uw.edu>
Date:   Wed Feb 25 22:52:35 2015 -0800

    Fixed quote type

commit 0947653b895b5b7539f0bfbb49cd51a27ec1614f
Merge: 3f21ef3 1a0b3af
Author: agingras.washington.edu <agingras@u.washington.edu>
Date:   Wed Feb 25 22:50:56 2015 -0800

    Merge branch 'master' of gitlab.cs.washington.edu:cse374-15wi-proj/hw6-aa

commit 1a0b3af8c1d8ad244cd1f9e408d44baa6bdf239c
Author: Maximilian Golub <mgolub2@uw.edu>
Date:   Wed Feb 25 22:50:25 2015 -0800

    added memNode struct/typedef and internal stat variables

commit 3f21ef3ad9c28a1da94e0f244c62f25b646664af
Author: agingras.washington.edu <agingras@u.washington.edu>
Date:   Wed Feb 25 22:49:47 2015 -0800

    fixed some bugs and added a makefile

commit 737c2c669a92ee17aa850b0ca9899fd5e7d6c15c
Author: Maximilian Golub <mgolub2@uw.edu>
Date:   Wed Feb 25 22:35:14 2015 -0800

    Initial file creation

commit 62849059a33935e53632600e4cb8f850e08021d5
Author: agingras.washington.edu <agingras@u.washington.edu>
Date:   Wed Feb 25 19:48:59 2015 -0800

    added files

commit 5f6efdd304c5e269fcb7eed7cf508d4dd9bd3edf
Author: unknown <v-alging@MININT-6V8UJUH.redmond.corp.microsoft.com>
Date:   Wed Feb 25 19:38:32 2015 -0800

    first commit, empty files
